<?xml version="1.0" encoding="UTF-8"?>
<!-- Generated by org.testng.reporters.JUnitReportReporter -->
<testsuite skipped="0" hostname="LaksmitaWidyaAstuti-DEV069" name="UserManagement" tests="1" failures="0" timestamp="19 Mar 2017 14:52:53 GMT" time="16.370" errors="0">
  <testcase name="registerAccount" time="16.370" classname="UserManagement"/>
</testsuite> <!-- UserManagement -->
